0 info it worked if it ends with ok
1 verbose cli [ '/usr/bin/node', '/usr/bin/npm', 'start' ]
2 info using npm@3.10.10
3 info using node@v6.11.2
4 verbose run-script [ 'prestart', 'start', 'poststart' ]
5 info lifecycle eventbus-greeting@~prestart: eventbus-greeting@
6 silly lifecycle eventbus-greeting@~prestart: no script for prestart, continuing
7 info lifecycle eventbus-greeting@~start: eventbus-greeting@
8 verbose lifecycle eventbus-greeting@~start: unsafe-perm in lifecycle true
9 verbose lifecycle eventbus-greeting@~start: PATH: /usr/lib/node_modules/npm/bin/node-gyp-bin:/home/plopes/Projects/talks/pixels.camp/microservices/src/main/node/node_modules/.bin:/usr/lib64/qt-3.3/bin:/usr/local/bin:/usr/local/sbin:/usr/bin:/usr/sbin:/home/plopes/.local/bin:/home/plopes/bin
10 verbose lifecycle eventbus-greeting@~start: CWD: /home/plopes/Projects/talks/pixels.camp/microservices/src/main/node
11 silly lifecycle eventbus-greeting@~start: Args: [ '-c', 'node ./index.js' ]
12 silly lifecycle eventbus-greeting@~start: Returned: code: 1  signal: null
13 info lifecycle eventbus-greeting@~start: Failed to exec start script
14 verbose stack Error: eventbus-greeting@ start: `node ./index.js`
14 verbose stack Exit status 1
14 verbose stack     at EventEmitter.<anonymous> (/usr/lib/node_modules/npm/lib/utils/lifecycle.js:255:16)
14 verbose stack     at emitTwo (events.js:106:13)
14 verbose stack     at EventEmitter.emit (events.js:191:7)
14 verbose stack     at ChildProcess.<anonymous> (/usr/lib/node_modules/npm/lib/utils/spawn.js:40:14)
14 verbose stack     at emitTwo (events.js:106:13)
14 verbose stack     at ChildProcess.emit (events.js:191:7)
14 verbose stack     at maybeClose (internal/child_process.js:891:16)
14 verbose stack     at Process.ChildProcess._handle.onexit (internal/child_process.js:226:5)
15 verbose pkgid eventbus-greeting@
16 verbose cwd /home/plopes/Projects/talks/pixels.camp/microservices/src/main/node
17 error Linux 4.12.9-300.fc26.x86_64
18 error argv "/usr/bin/node" "/usr/bin/npm" "start"
19 error node v6.11.2
20 error npm  v3.10.10
21 error code ELIFECYCLE
22 error eventbus-greeting@ start: `node ./index.js`
22 error Exit status 1
23 error Failed at the eventbus-greeting@ start script 'node ./index.js'.
23 error Make sure you have the latest version of node.js and npm installed.
23 error If you do, this is most likely a problem with the eventbus-greeting package,
23 error not with npm itself.
23 error Tell the author that this fails on your system:
23 error     node ./index.js
23 error You can get information on how to open an issue for this project with:
23 error     npm bugs eventbus-greeting
23 error Or if that isn't available, you can get their info via:
23 error     npm owner ls eventbus-greeting
23 error There is likely additional logging output above.
24 verbose exit [ 1, true ]
